Build started 15/02/2014 14:42:22.
     1>Project "C:\Users\User\documents\visual studio 2010\Projects\Aulas_Otimizadas\Aulas_Otimizadas\Aulas_Otimizadas.vcxproj" on node 2 (build target(s)).
     1>InitializeBuildStatus:
         Creating "Debug\Aulas_Otimizadas.unsuccessfulbuild" because "AlwaysCreate" was specified.
       ClCompile:
         c:\Program Files (x86)\Microsoft Visual Studio 10.0\VC\bin\CL.exe /c /ZI /nologo /W3 /WX- /Od /Oy- /D _MBCS /Gm /EHsc /RTC1 /MDd /GS /fp:precise /Zc:wchar_t /Zc:forScope /Fo"Debug\\" /Fd"Debug\vc100.pdb" /Gd /TP /analyze- /errorReport:prompt Aulas.cpp
         Aulas.cpp
     1>c:\users\user\documents\visual studio 2010\projects\aulas_otimizadas\aulas_otimizadas\aulas.cpp(10): warning C4018: '<' : signed/unsigned mismatch
       Link:
         c:\Program Files (x86)\Microsoft Visual Studio 10.0\VC\bin\link.exe /ERRORREPORT:PROMPT /OUT:"C:\Users\User\documents\visual studio 2010\Projects\Aulas_Otimizadas\Debug\Aulas_Otimizadas.exe" /NOLOGO kernel32.lib user32.lib gdi32.lib winspool.lib comdlg32.lib advapi32.lib shell32.lib ole32.lib oleaut32.lib uuid.lib odbc32.lib odbccp32.lib /MANIFEST /ManifestFile:"Debug\Aulas_Otimizadas.exe.intermediate.manifest" /MANIFESTUAC:"level='asInvoker' uiAccess='false'" /DEBUG /PDB:"C:\Users\User\documents\visual studio 2010\Projects\Aulas_Otimizadas\Debug\Aulas_Otimizadas.pdb" /TLBID:1 /DYNAMICBASE /NXCOMPAT /IMPLIB:"C:\Users\User\documents\visual studio 2010\Projects\Aulas_Otimizadas\Debug\Aulas_Otimizadas.lib" /MACHINE:X86 Debug\Aulas.obj
         Debug\main.obj
         LINK : C:\Users\User\documents\visual studio 2010\Projects\Aulas_Otimizadas\Debug\Aulas_Otimizadas.exe not found or not built by the last incremental link; performing full link
         Aulas_Otimizadas.vcxproj -> C:\Users\User\documents\visual studio 2010\Projects\Aulas_Otimizadas\Debug\Aulas_Otimizadas.exe
       Manifest:
         C:\Program Files (x86)\Microsoft SDKs\Windows\v7.0A\bin\mt.exe /nologo /verbose /outputresource:"C:\Users\User\documents\visual studio 2010\Projects\Aulas_Otimizadas\Debug\Aulas_Otimizadas.exe;#1" /manifest Debug\Aulas_Otimizadas.exe.intermediate.manifest
       FinalizeBuildStatus:
         Deleting file "Debug\Aulas_Otimizadas.unsuccessfulbuild".
         Touching "Debug\Aulas_Otimizadas.lastbuildstate".
     1>Done Building Project "C:\Users\User\documents\visual studio 2010\Projects\Aulas_Otimizadas\Aulas_Otimizadas\Aulas_Otimizadas.vcxproj" (build target(s)).

Build succeeded.

Time Elapsed 00:00:00.22
